Using network 'ropsten'.

Running migration: 1_initial_migration.js
  Deploying Migrations...
  ... 0xba62e113153782cd7244887d1f1d53a9095649616ff7061dd4a5293e3780b588
  Migrations: 0x7d2dd8cd1a40442e190e2eff0760cb6091c0f141
Saving successful migration to network...
  ... 0x9d352c04f25e4b22f53972605e5e85426e1bb6d79f9e29750c59ff6ae1c2c934
Saving artifacts...
Running migration: 2_deploy_token.js
  Deploying BeyondToken...
  ... 0xbecfdc1ef92abd91ed0673069335b09f4de8a662e1ee376a1c83f31c23497e88
  BeyondToken: 0x24033c7261c1c3f6366c61317c88a03994ba53d4
Saving successful migration to network...
  ... 0x66c0ae0569a159478412a586dcad34d581390de6ed859f21a089f16e96e6b79e
Saving artifacts...
Running migration: 3_deploy_factory.js
  Deploying TokenTimelockFactory...
  ... 0x944398f5dae7bb6b615abdd903497ce51c62d93292dbe1ce076cce5a742c9f00
  TokenTimelockFactory: 0x0c90186e153886c8cbec1a4bf00c4acd67384364
Saving successful migration to network...
  ... 0x49c41a5b07c454cb627f39b1aa5c29006274f9617cddb8462e99432113ce3472
Saving artifacts...
